2018-12-22T03:54:17.895Z: Created "DISC" table
2018-12-22T03:54:18.011Z: Created "GAME" table
2018-12-22T03:54:18.040Z: Created "INDEX" table
2018-12-22T03:54:48.547Z: Ran insert statement
2018-12-22T03:54:48.547Z: Ran insert statement
2018-12-22T03:54:48.574Z: Inserted data into Disc
2018-12-22T03:54:48.574Z: Inserted data into Disc
2018-12-22T03:56:35.012Z: Ran insert statement
2018-12-22T03:56:35.024Z: Inserted data into Disc
2018-12-22T04:00:33.927Z: Created "DISC" table
2018-12-22T04:00:33.932Z: Created "GAME" table
2018-12-22T04:00:33.963Z: Created "INDEX" table
2018-12-22T04:00:54.049Z: Ran insert statement
2018-12-22T04:00:54.061Z: Inserted data into Disc
2018-12-22T22:35:16.566Z: Created "DISC" table
2018-12-22T22:35:16.615Z: Created "GAME" table
2018-12-22T22:35:16.618Z: Created "INDEX" table
2018-12-22T22:38:32.292Z: Created "DISC" table
2018-12-22T22:38:32.336Z: Created "GAME" table
2018-12-22T22:38:32.341Z: Created "INDEX" table
2018-12-22T22:43:10.498Z: Created "DISC" table
2018-12-22T22:43:10.522Z: Created "GAME" table
2018-12-22T22:43:10.525Z: Created "INDEX" table
2018-12-22T22:44:16.275Z: Created "DISC" table
2018-12-22T22:44:16.319Z: Created "GAME" table
2018-12-22T22:44:16.320Z: Created "INDEX" table
2018-12-22T22:44:54.889Z: Created "DISC" table
2018-12-22T22:44:54.907Z: Created "GAME" table
2018-12-22T22:44:54.913Z: Created "INDEX" table
2018-12-22T22:47:05.853Z: Created "DISC" table
2018-12-22T22:47:05.855Z: Created "GAME" table
2018-12-22T22:47:05.877Z: Created "INDEX" table
2018-12-22T22:53:09.157Z: Created "DISC" table
2018-12-22T22:53:09.161Z: Created "GAME" table
2018-12-22T22:53:09.168Z: Created "INDEX" table
2018-12-22T22:54:55.332Z: Created "DISC" table
2018-12-22T22:54:55.341Z: Created "GAME" table
2018-12-22T22:54:55.342Z: Created "INDEX" table
2018-12-22T22:58:01.341Z: Created "DISC" table
2018-12-22T22:58:01.400Z: Created "GAME" table
2018-12-22T22:58:01.408Z: Created "INDEX" table
2018-12-22T23:05:57.174Z: Created "DISC" table
2018-12-22T23:05:57.217Z: Created "GAME" table
2018-12-22T23:05:57.221Z: Created "INDEX" table
2018-12-22T23:10:31.300Z: Created "DISC" table
2018-12-22T23:10:31.303Z: Created "GAME" table
2018-12-22T23:10:31.305Z: Created "INDEX" table
2018-12-22T23:12:20.651Z: Created "DISC" table
2018-12-22T23:12:20.655Z: Created "GAME" table
2018-12-22T23:12:20.663Z: Created "INDEX" table
2018-12-22T23:16:00.450Z: Created "DISC" table
2018-12-22T23:16:00.468Z: Created "GAME" table
2018-12-22T23:16:00.475Z: Created "INDEX" table
2018-12-22T23:17:49.148Z: Created "DISC" table
2018-12-22T23:17:49.172Z: Created "GAME" table
2018-12-22T23:17:49.176Z: Created "INDEX" table
2018-12-22T23:20:12.889Z: Created "DISC" table
2018-12-22T23:20:12.915Z: Created "GAME" table
2018-12-22T23:20:12.915Z: Created "INDEX" table
2018-12-22T23:21:03.771Z: Created "DISC" table
2018-12-22T23:21:03.774Z: Created "GAME" table
2018-12-22T23:21:03.799Z: Created "INDEX" table
2018-12-22T23:58:59.742Z: Created "DISC" table
2018-12-22T23:58:59.778Z: Created "GAME" table
2018-12-22T23:58:59.781Z: Created "INDEX" table
2018-12-23T00:59:23.023Z: Created "DISC" table
2018-12-23T00:59:23.027Z: Created "GAME" table
2018-12-23T00:59:23.027Z: Created "INDEX" table
2018-12-23T01:00:19.980Z: Created "DISC" table
2018-12-23T01:00:20.005Z: Created "GAME" table
2018-12-23T01:00:20.014Z: Created "INDEX" table
2018-12-23T01:03:07.274Z: Created "DISC" table
2018-12-23T01:03:07.279Z: Created "GAME" table
2018-12-23T01:03:07.280Z: Created "INDEX" table
2018-12-23T01:03:41.209Z: Created "DISC" table
2018-12-23T01:03:41.216Z: Created "GAME" table
2018-12-23T01:03:41.217Z: Created "INDEX" table
2018-12-23T01:06:19.998Z: Created "DISC" table
2018-12-23T01:06:20.006Z: Created "GAME" table
2018-12-23T01:06:20.011Z: Created "INDEX" table
2018-12-23T01:10:33.608Z: Created "DISC" table
2018-12-23T01:10:33.613Z: Created "GAME" table
2018-12-23T01:10:33.618Z: Created "INDEX" table
2018-12-23T01:11:44.214Z: Created "DISC" table
2018-12-23T01:11:44.231Z: Created "GAME" table
2018-12-23T01:11:44.235Z: Created "INDEX" table
2018-12-23T01:12:53.154Z: Created "DISC" table
2018-12-23T01:12:53.156Z: Created "GAME" table
2018-12-23T01:12:53.160Z: Created "INDEX" table
2018-12-23T01:13:43.288Z: Created "DISC" table
2018-12-23T01:13:43.293Z: Created "GAME" table
2018-12-23T01:13:43.295Z: Created "INDEX" table
2018-12-23T01:16:53.375Z: Created "DISC" table
2018-12-23T01:16:53.415Z: Created "GAME" table
2018-12-23T01:16:53.416Z: Created "INDEX" table
2018-12-23T01:17:25.665Z: Created "DISC" table
2018-12-23T01:17:25.667Z: Created "GAME" table
2018-12-23T01:17:25.668Z: Created "INDEX" table
2018-12-23T01:19:38.737Z: Created "DISC" table
2018-12-23T01:19:38.746Z: Created "GAME" table
2018-12-23T01:19:38.761Z: Created "INDEX" table
2018-12-23T01:21:27.035Z: Created "DISC" table
2018-12-23T01:21:27.038Z: Created "GAME" table
2018-12-23T01:21:27.039Z: Created "INDEX" table
2018-12-23T01:31:28.102Z: Created "DISC" table
2018-12-23T01:31:28.119Z: Created "GAME" table
2018-12-23T01:31:28.124Z: Created "INDEX" table
2018-12-23T01:32:33.656Z: Created "DISC" table
2018-12-23T01:32:33.709Z: Created "GAME" table
2018-12-23T01:32:33.720Z: Created "INDEX" table
2018-12-23T01:33:52.386Z: Created "DISC" table
2018-12-23T01:33:52.422Z: Created "GAME" table
2018-12-23T01:33:52.426Z: Created "INDEX" table
2018-12-23T01:35:36.556Z: Created "DISC" table
2018-12-23T01:35:36.613Z: Created "GAME" table
2018-12-23T01:35:36.615Z: Created "INDEX" table
2018-12-23T01:36:00.768Z: Created "DISC" table
2018-12-23T01:36:00.773Z: Created "GAME" table
2018-12-23T01:36:00.776Z: Created "INDEX" table
2018-12-23T01:36:20.631Z: Created "DISC" table
2018-12-23T01:36:20.768Z: Created "GAME" table
2018-12-23T01:36:20.769Z: Created "INDEX" table
2018-12-23T01:43:13.399Z: Created "DISC" table
2018-12-23T01:43:13.401Z: Created "GAME" table
2018-12-23T01:43:13.472Z: Created "INDEX" table
2018-12-23T01:45:55.684Z: Created "DISC" table
2018-12-23T01:45:55.689Z: Created "GAME" table
2018-12-23T01:45:55.691Z: Created "INDEX" table
2018-12-23T01:48:33.832Z: Created "DISC" table
2018-12-23T01:48:33.886Z: Created "GAME" table
2018-12-23T01:48:33.888Z: Created "INDEX" table
2018-12-23T01:50:58.913Z: Created "DISC" table
2018-12-23T01:50:58.916Z: Created "GAME" table
2018-12-23T01:50:58.921Z: Created "INDEX" table
2018-12-23T01:52:46.303Z: Created "DISC" table
2018-12-23T01:52:46.368Z: Created "GAME" table
2018-12-23T01:52:46.383Z: Created "INDEX" table
2018-12-23T01:54:50.981Z: Created "DISC" table
2018-12-23T01:54:50.985Z: Created "GAME" table
2018-12-23T01:54:51.043Z: Created "INDEX" table
2018-12-23T01:57:41.019Z: Created "DISC" table
2018-12-23T01:57:41.024Z: Created "GAME" table
2018-12-23T01:57:41.026Z: Created "INDEX" table
2018-12-23T01:59:08.225Z: Created "DISC" table
2018-12-23T01:59:08.285Z: Created "GAME" table
2018-12-23T01:59:08.289Z: Created "INDEX" table
2018-12-23T02:11:28.562Z: Created "DISC" table
2018-12-23T02:11:28.564Z: Created "GAME" table
2018-12-23T02:11:28.565Z: Created "INDEX" table
2018-12-23T02:18:04.536Z: Created "DISC" table
2018-12-23T02:18:04.538Z: Created "GAME" table
2018-12-23T02:18:04.542Z: Created "INDEX" table
2018-12-23T02:18:24.863Z: Created "DISC" table
2018-12-23T02:18:24.865Z: Created "GAME" table
2018-12-23T02:18:24.868Z: Created "INDEX" table
2018-12-23T02:19:26.542Z: Created "DISC" table
2018-12-23T02:19:26.545Z: Created "GAME" table
2018-12-23T02:19:26.547Z: Created "INDEX" table
2018-12-23T02:21:01.637Z: Created "DISC" table
2018-12-23T02:21:01.639Z: Created "GAME" table
2018-12-23T02:21:01.641Z: Created "INDEX" table
2018-12-23T02:22:37.413Z: Created "DISC" table
2018-12-23T02:22:37.416Z: Created "GAME" table
2018-12-23T02:22:37.417Z: Created "INDEX" table
2018-12-23T02:23:26.826Z: Created "DISC" table
2018-12-23T02:23:26.898Z: Created "GAME" table
2018-12-23T02:23:26.900Z: Created "INDEX" table
2018-12-23T02:28:21.814Z: Created "DISC" table
2018-12-23T02:28:21.871Z: Created "GAME" table
2018-12-23T02:28:21.874Z: Created "INDEX" table
2018-12-23T02:29:18.917Z: Created "DISC" table
2018-12-23T02:29:18.926Z: Created "GAME" table
2018-12-23T02:29:18.928Z: Created "INDEX" table
2018-12-23T02:30:05.336Z: Created "DISC" table
2018-12-23T02:30:05.342Z: Created "GAME" table
2018-12-23T02:30:05.342Z: Created "INDEX" table
2018-12-23T02:30:45.166Z: Created "DISC" table
2018-12-23T02:30:45.168Z: Created "GAME" table
2018-12-23T02:30:45.171Z: Created "INDEX" table
2018-12-23T02:32:18.312Z: Created "DISC" table
2018-12-23T02:32:18.316Z: Created "GAME" table
2018-12-23T02:32:18.317Z: Created "INDEX" table
2018-12-23T02:33:30.602Z: Created "DISC" table
2018-12-23T02:33:30.606Z: Created "GAME" table
2018-12-23T02:33:30.607Z: Created "INDEX" table
2018-12-23T02:34:13.924Z: Created "DISC" table
2018-12-23T02:34:13.927Z: Created "GAME" table
2018-12-23T02:34:13.928Z: Created "INDEX" table
2018-12-23T02:35:16.485Z: Created "DISC" table
2018-12-23T02:35:16.493Z: Created "GAME" table
2018-12-23T02:35:16.494Z: Created "INDEX" table
2018-12-23T02:36:02.200Z: Created "DISC" table
2018-12-23T02:36:02.203Z: Created "GAME" table
2018-12-23T02:36:02.206Z: Created "INDEX" table
2018-12-23T02:36:44.699Z: Created "DISC" table
2018-12-23T02:36:44.792Z: Created "GAME" table
2018-12-23T02:36:44.795Z: Created "INDEX" table
2018-12-23T02:54:59.591Z: Created "DISC" table
2018-12-23T02:54:59.596Z: Created "GAME" table
2018-12-23T02:54:59.596Z: Created "INDEX" table
2018-12-23T02:58:14.753Z: Created "DISC" table
2018-12-23T02:58:14.760Z: Created "GAME" table
2018-12-23T02:58:14.762Z: Created "INDEX" table
2018-12-23T02:58:48.639Z: Created "DISC" table
2018-12-23T02:58:48.643Z: Created "GAME" table
2018-12-23T02:58:48.644Z: Created "INDEX" table
2018-12-23T03:01:38.116Z: Created "DISC" table
2018-12-23T03:01:38.118Z: Created "GAME" table
2018-12-23T03:01:38.119Z: Created "INDEX" table
2018-12-23T03:03:14.878Z: Created "DISC" table
2018-12-23T03:03:14.885Z: Created "GAME" table
2018-12-23T03:03:14.891Z: Created "INDEX" table
2018-12-23T03:05:35.114Z: Created "DISC" table
2018-12-23T03:05:35.119Z: Created "GAME" table
2018-12-23T03:05:35.120Z: Created "INDEX" table
2018-12-23T03:06:48.865Z: Created "DISC" table
2018-12-23T03:06:48.869Z: Created "GAME" table
2018-12-23T03:06:48.872Z: Created "INDEX" table
2018-12-23T03:11:57.652Z: Created "DISC" table
2018-12-23T03:11:57.656Z: Created "GAME" table
2018-12-23T03:11:57.657Z: Created "INDEX" table
2018-12-23T03:13:41.978Z: Created "DISC" table
2018-12-23T03:13:41.994Z: Created "GAME" table
2018-12-23T03:13:41.997Z: Created "INDEX" table
2018-12-23T03:58:16.657Z: Created "DISC" table
2018-12-23T03:58:16.698Z: Created "GAME" table
2018-12-23T03:58:16.704Z: Created "INDEX" table
2018-12-23T04:02:49.940Z: Created "DISC" table
2018-12-23T04:02:49.948Z: Created "GAME" table
2018-12-23T04:02:49.949Z: Created "INDEX" table
2018-12-23T04:03:18.768Z: Created "DISC" table
2018-12-23T04:03:18.771Z: Created "GAME" table
2018-12-23T04:03:18.773Z: Created "INDEX" table
2018-12-23T04:04:05.309Z: Created "DISC" table
2018-12-23T04:04:05.393Z: Created "GAME" table
2018-12-23T04:04:05.400Z: Created "INDEX" table
2018-12-23T04:05:01.355Z: Created "DISC" table
2018-12-23T04:05:01.359Z: Created "GAME" table
2018-12-23T04:05:01.360Z: Created "INDEX" table
2018-12-23T04:06:17.345Z: Created "DISC" table
2018-12-23T04:06:17.352Z: Created "GAME" table
2018-12-23T04:06:17.353Z: Created "INDEX" table
2018-12-23T04:06:46.317Z: Created "DISC" table
2018-12-23T04:06:46.319Z: Created "GAME" table
2018-12-23T04:06:46.320Z: Created "INDEX" table
2018-12-23T04:11:24.618Z: Created "DISC" table
2018-12-23T04:11:24.623Z: Created "GAME" table
2018-12-23T04:11:24.625Z: Created "INDEX" table
2018-12-23T04:13:08.083Z: Created "DISC" table
2018-12-23T04:13:08.089Z: Created "INDEX" table
2018-12-23T04:13:08.087Z: Created "GAME" table
2018-12-23T04:14:39.056Z: Created "DISC" table
2018-12-23T04:14:39.077Z: Created "GAME" table
2018-12-23T04:14:39.079Z: Created "INDEX" table
2018-12-23T04:16:47.321Z: Created "DISC" table
2018-12-23T04:16:47.326Z: Created "GAME" table
2018-12-23T04:16:47.326Z: Created "INDEX" table
2018-12-23T04:18:00.235Z: Created "DISC" table
2018-12-23T04:18:00.236Z: Created "GAME" table
2018-12-23T04:18:00.238Z: Created "INDEX" table
2018-12-23T04:18:06.475Z: Created "DISC" table
2018-12-23T04:18:06.479Z: Created "GAME" table
2018-12-23T04:18:06.484Z: Created "INDEX" table
2018-12-23T04:19:40.618Z: Created "DISC" table
2018-12-23T04:19:40.699Z: Created "GAME" table
2018-12-23T04:19:40.701Z: Created "INDEX" table
2018-12-23T04:27:36.759Z: Created "DISC" table
2018-12-23T04:27:36.796Z: Created "GAME" table
2018-12-23T04:27:36.799Z: Created "INDEX" table
2018-12-23T04:28:26.924Z: Created "DISC" table
2018-12-23T04:28:26.926Z: Created "GAME" table
2018-12-23T04:28:26.927Z: Created "INDEX" table
2018-12-23T04:32:49.624Z: Created "DISC" table
2018-12-23T04:32:49.628Z: Created "GAME" table
2018-12-23T04:32:49.629Z: Created "INDEX" table
2018-12-23T04:34:50.070Z: Created "DISC" table
2018-12-23T04:34:50.073Z: Created "GAME" table
2018-12-23T04:34:50.074Z: Created "INDEX" table
2018-12-23T04:36:43.654Z: Created "DISC" table
2018-12-23T04:36:43.655Z: Created "GAME" table
2018-12-23T04:36:43.663Z: Created "INDEX" table
2018-12-23T04:37:43.191Z: Created "DISC" table
2018-12-23T04:37:43.203Z: Created "GAME" table
2018-12-23T04:37:43.204Z: Created "INDEX" table
2018-12-23T04:49:25.625Z: Created "DISC" table
2018-12-23T04:49:25.631Z: Created "GAME" table
2018-12-23T04:49:25.635Z: Created "INDEX" table
2018-12-23T04:53:10.789Z: Created "DISC" table
2018-12-23T04:53:10.792Z: Created "GAME" table
2018-12-23T04:53:10.793Z: Created "INDEX" table
2018-12-23T04:54:21.055Z: Created "DISC" table
2018-12-23T04:54:21.057Z: Created "GAME" table
2018-12-23T04:54:21.058Z: Created "INDEX" table
2018-12-23T05:00:27.299Z: Created "DISC" table
2018-12-23T05:00:27.310Z: Created "GAME" table
2018-12-23T05:00:27.311Z: Created "INDEX" table
2018-12-23T05:01:28.011Z: Created "DISC" table
2018-12-23T05:01:28.019Z: Created "GAME" table
2018-12-23T05:01:28.024Z: Created "INDEX" table
2018-12-23T05:02:45.034Z: Created "DISC" table
2018-12-23T05:02:45.042Z: Created "GAME" table
2018-12-23T05:02:45.043Z: Created "INDEX" table
2018-12-23T05:04:22.672Z: Created "DISC" table
2018-12-23T05:04:22.678Z: Created "GAME" table
2018-12-23T05:04:22.679Z: Created "INDEX" table
2018-12-23T05:05:17.673Z: Created "DISC" table
2018-12-23T05:05:17.679Z: Created "GAME" table
2018-12-23T05:05:17.680Z: Created "INDEX" table
2018-12-23T05:06:01.187Z: Created "DISC" table
2018-12-23T05:06:01.271Z: Created "GAME" table
2018-12-23T05:06:01.272Z: Created "INDEX" table
2018-12-23T05:06:59.459Z: Created "DISC" table
2018-12-23T05:06:59.464Z: Created "GAME" table
2018-12-23T05:06:59.466Z: Created "INDEX" table
2018-12-23T05:07:28.955Z: Created "DISC" table
2018-12-23T05:07:28.957Z: Created "GAME" table
2018-12-23T05:07:28.958Z: Created "INDEX" table
2018-12-23T05:07:46.516Z: Created "DISC" table
2018-12-23T05:07:46.519Z: Created "GAME" table
2018-12-23T05:07:46.524Z: Created "INDEX" table
2018-12-23T05:08:28.751Z: Created "DISC" table
2018-12-23T05:08:28.843Z: Created "GAME" table
2018-12-23T05:08:28.844Z: Created "INDEX" table
2018-12-23T05:09:07.939Z: Created "DISC" table
2018-12-23T05:09:07.944Z: Created "GAME" table
2018-12-23T05:09:07.950Z: Created "INDEX" table
2018-12-23T05:09:56.262Z: Created "DISC" table
2018-12-23T05:09:56.266Z: Created "GAME" table
2018-12-23T05:09:56.268Z: Created "INDEX" table
2018-12-23T05:10:49.075Z: Created "DISC" table
2018-12-23T05:10:49.085Z: Created "GAME" table
2018-12-23T05:10:49.087Z: Created "INDEX" table
2018-12-23T05:12:01.954Z: Created "DISC" table
2018-12-23T05:12:01.960Z: Created "GAME" table
2018-12-23T05:12:01.961Z: Created "INDEX" table
2018-12-23T05:12:18.235Z: Created "DISC" table
2018-12-23T05:12:18.241Z: Created "GAME" table
2018-12-23T05:12:18.250Z: Created "INDEX" table
2018-12-23T05:13:04.656Z: Created "DISC" table
2018-12-23T05:13:04.661Z: Created "GAME" table
2018-12-23T05:13:04.663Z: Created "INDEX" table
2018-12-23T05:16:14.997Z: Created "DISC" table
2018-12-23T05:16:15.001Z: Created "GAME" table
2018-12-23T05:16:15.002Z: Created "INDEX" table
2018-12-23T05:16:54.055Z: Created "DISC" table
2018-12-23T05:16:54.056Z: Created "GAME" table
2018-12-23T05:16:54.068Z: Created "INDEX" table
2018-12-23T05:18:00.912Z: Created "DISC" table
2018-12-23T05:18:00.994Z: Created "GAME" table
2018-12-23T05:18:00.998Z: Created "INDEX" table
2018-12-23T05:18:28.446Z: Created "DISC" table
2018-12-23T05:18:28.449Z: Created "GAME" table
2018-12-23T05:18:28.450Z: Created "INDEX" table
2018-12-23T05:19:59.591Z: Created "DISC" table
2018-12-23T05:19:59.595Z: Created "GAME" table
2018-12-23T05:19:59.596Z: Created "INDEX" table
2018-12-23T05:20:44.137Z: Created "DISC" table
2018-12-23T05:20:44.152Z: Created "GAME" table
2018-12-23T05:20:44.156Z: Created "INDEX" table
2018-12-23T05:22:15.599Z: Created "DISC" table
2018-12-23T05:22:15.602Z: Created "GAME" table
2018-12-23T05:22:15.604Z: Created "INDEX" table
2018-12-23T05:23:31.088Z: Created "DISC" table
2018-12-23T05:23:31.090Z: Created "GAME" table
2018-12-23T05:23:31.092Z: Created "INDEX" table
2018-12-23T05:25:34.541Z: Created "DISC" table
2018-12-23T05:25:34.562Z: Created "GAME" table
2018-12-23T05:25:34.565Z: Created "INDEX" table
2018-12-23T05:26:39.650Z: Created "DISC" table
2018-12-23T05:26:39.653Z: Created "GAME" table
2018-12-23T05:26:39.653Z: Created "INDEX" table
2018-12-23T05:29:19.489Z: Created "DISC" table
2018-12-23T05:29:19.543Z: Created "GAME" table
2018-12-23T05:29:19.546Z: Created "INDEX" table
2018-12-23T05:31:24.730Z: Created "DISC" table
2018-12-23T05:31:24.764Z: Created "GAME" table
2018-12-23T05:31:24.767Z: Created "INDEX" table
2018-12-23T05:31:49.701Z: Created "DISC" table
2018-12-23T05:31:49.703Z: Created "GAME" table
2018-12-23T05:31:49.704Z: Created "INDEX" table
2018-12-23T05:36:36.010Z: Created "DISC" table
2018-12-23T05:36:36.012Z: Created "GAME" table
2018-12-23T05:36:36.013Z: Created "INDEX" table
2018-12-23T05:37:19.120Z: Created "DISC" table
2018-12-23T05:37:19.123Z: Created "GAME" table
2018-12-23T05:37:19.123Z: Created "INDEX" table
2018-12-23T05:37:51.766Z: Created "DISC" table
2018-12-23T05:37:51.771Z: Created "GAME" table
2018-12-23T05:37:51.772Z: Created "INDEX" table
2018-12-23T05:38:34.241Z: Created "DISC" table
2018-12-23T05:38:34.246Z: Created "GAME" table
2018-12-23T05:38:34.247Z: Created "INDEX" table
2018-12-23T05:54:50.705Z: Created "DISC" table
2018-12-23T05:54:50.709Z: Created "GAME" table
2018-12-23T05:54:50.710Z: Created "INDEX" table
2018-12-23T05:58:57.551Z: Created "DISC" table
2018-12-23T05:58:57.552Z: Created "GAME" table
2018-12-23T05:58:57.554Z: Created "INDEX" table
2018-12-23T05:59:23.182Z: Created "DISC" table
2018-12-23T05:59:23.185Z: Created "GAME" table
2018-12-23T05:59:23.186Z: Created "INDEX" table
2018-12-23T06:02:09.901Z: Created "DISC" table
2018-12-23T06:02:09.904Z: Created "GAME" table
2018-12-23T06:02:09.905Z: Created "INDEX" table
2018-12-23T06:03:04.488Z: Created "DISC" table
2018-12-23T06:03:04.497Z: Created "GAME" table
2018-12-23T06:03:04.498Z: Created "INDEX" table
2018-12-23T06:07:03.239Z: Created "DISC" table
2018-12-23T06:07:03.243Z: Created "GAME" table
2018-12-23T06:07:03.244Z: Created "INDEX" table
2018-12-23T06:13:21.871Z: Created "DISC" table
2018-12-23T06:13:21.872Z: Created "GAME" table
2018-12-23T06:13:21.873Z: Created "INDEX" table
2018-12-23T06:14:40.037Z: Created "DISC" table
2018-12-23T06:14:40.041Z: Created "GAME" table
2018-12-23T06:14:40.042Z: Created "INDEX" table
2018-12-23T06:15:33.535Z: Created "DISC" table
2018-12-23T06:15:33.539Z: Created "GAME" table
2018-12-23T06:15:33.540Z: Created "INDEX" table
2018-12-23T06:18:20.049Z: Created "DISC" table
2018-12-23T06:18:20.051Z: Created "GAME" table
2018-12-23T06:18:20.052Z: Created "INDEX" table
